<?xml version="1.0" encoding="UTF-8"?>
<!-- Generated by org.testng.reporters.JUnitReportReporter -->
<testsuite hostname="DESKTOP-1P6AEOB" failures="0" tests="1" name="testng.Test_ng" time="0.016" errors="0" timestamp="2023-12-21T08:32:38 IST" skipped="0">
  <testcase classname="testng.Test_ng" name="f" time="0.016"/>
  <system-out/>
</testsuite> <!-- testng.Test_ng -->
