<?xml version="1.0" encoding="UTF-8"?>
<!-- Generated by org.testng.reporters.JUnitReportReporter -->
<testsuite hostname="DESKTOP-1P6AEOB" failures="0" tests="6" name="testng.Testng_one" time="39.845" errors="0" timestamp="2024-01-02T10:03:31 IST" skipped="0">
  <testcase classname="testng.Testng_one" name="signup" time="5.555"/>
  <system-out/>
  <testcase classname="testng.Testng_one" name="login" time="1.648"/>
  <system-out/>
  <testcase classname="testng.Testng_one" name="labtop" time="7.136"/>
  <system-out/>
  <testcase classname="testng.Testng_one" name="phone" time="13.419"/>
  <system-out/>
  <testcase classname="testng.Testng_one" name="Monitors" time="7.464"/>
  <system-out/>
  <testcase classname="testng.Testng_one" name="cart" time="4.623"/>
  <system-out/>
</testsuite> <!-- testng.Testng_one -->
